<?xml version="1.0" encoding="UTF-8"?>
<!-- Generated by org.testng.reporters.JUnitReportReporter -->
<testsuite hostname="sys" name="com.rightcomply.UIAutomation.pages.HomePageTest" tests="3" failures="0" timestamp="28 Aug 2017 16:44:10 GMT" time="8.392" errors="0">
  <testcase name="testImage" time="0.418" classname="com.rightcomply.UIAutomation.pages.HomePageTest"/>
  <testcase name="test_login" time="7.837" classname="com.rightcomply.UIAutomation.pages.HomePageTest"/>
  <testcase name="verifyHomepageTitle" time="0.137" classname="com.rightcomply.UIAutomation.pages.HomePageTest"/>
</testsuite> <!-- com.rightcomply.UIAutomation.pages.HomePageTest -->
